068413263X,0942018206,B0000TYHMI,0486433005,B00088Q1OI,B0002V37ZM,B000K43P4Y,188301042X
B0000A0QE6,B0000A0QEJ,B000G6MBVO,B000G6MBX2,B00066R50Q,B0007QJ1ZW,B00007GZRI,B00077AA4W,B000G6RYNY,B00008JYD9,B00006M9F8
B0000A0QE2,B000089N7D,B000FCE4UU,B000NXIMUY,B00008JYD9,B0001ZWZZW,B00013WWT8,B000LW7MS0,B00006M9F8
B0001WPQ6U,B00004UAM2,B0000012DH,0345432134,1556591101,B0000006YI,B0000006Y5,B000FN434G,B00014D7OG,B0000012D8,B000067J0V
B0000012D9,B000NLMB1C
1592851827,B000FK9SEO,B000KKW530,B0002Y4TJM,B0001VKB52,0071430113,B000003JLG,B000003JLH,B000003JLN,B000003JLM,B000BGSZ96
B000Q9SXBS,B000298U7Y
B000MJKLAI,B000MJKL9E,B000MJKLBM,B000MJHFWA,B0000C88FG,B000MJMNZO,B000MJMO0S,B000GKXUBA,B000MJJIYI,B00004TTDI,B0009TS0WC
0825455138,0819845140
B000FNYKGW,B000FNYKLW,B000FNYLE8,B000MZYBWG,B000FVIPCO,B0006HGMAO,B000FNUTKS,B000FNUTLC,B000FO0QFA,B000FNUTQC,B000OV9S0S
0963022210,B00000EN52,B00008FDED,B0002B9990,B000FWGPWA,B0002OOV1I,B0000002LK,188506134X,158355047X
0867163119,B000KXNYMS,B0000A0QEJ,B000FNYKGW,B000067J0V,B0000006Y0,B000HS0HTY,0813807514,B0000A0QE2,193183637X,B0000012D8
B001R6EXIG,B000GAKBRG,6304804113
B00004UAM2,B0000046QW,B00004NHE9,B000000IVT,B000056OF0,B000A2POM2,B00004VW3S,B000QE4BP0,B00004YNDT,B00000ELDB,6303354483
B000067J0S,B000I2IWBY,B000KKMX9G,0849916429,B0002M6XIO,B000CQ98FA,B00005N53U
B0000006YY,187828228X,B000056HGB,B000CR1FH8,B0041LZ1WG,1573540595
1556591101,B000NVOJ8K,0380007959,B000R4GWII,1556590482,1556591098,B000H5K69S,B000OV51L8,B000MUQ840,0833530798,0385295243
B000JWE01E,0312242727,B000HHSTCM,B0006D8AS0,1932902430,B0006APQEO,B000GSLSXO,1904533132,B0007EQD0K,0060096845,B000HTVA5S
B0000006YI,B000E44SC8,B0000044N3,B0000044N6,B00005AUKZ
0764221566,0310481414,0613813138,B000BJNUCA,0786120886,B00000K2X6,0836190955
B000FLLVC0,B000JMKOLE
B000FKPDZ2,B0009EU0S4,0310919088,B0012RLWI4,B000HFUWY2,B00087SN6S
B0000006YM,B000003W54,B0000026HP,B000000AYP,B0000041FI,B000025WZ6,B000005TXI,B00004W1J9,B000001RXO,B000005W2F
0809139294,B000FI4O90,0898701775,0567083543,B000856UNI,B000O2ANJC
B000Q3T78W,0814405703,B00028PEYW,B000GR7SXE,B00028PF50,0471598364,0446513075,B000JLO8EE,B000HY5GIA,B00014G6YE,B000FTGIQQ
B000067J0G,B00005LMAS,B00008QSB9,B000EBGEY6,B0011TIFLK
B000067J0C,B000067J0D,B000001FF3,B000001FF4,6302454557,B0000AINIV,B00005NNIR,B000094J83,B00000F0ZB,B0000002MJ,B0000002MI
0807408158,0965029824,B000067J07,B0000012DH,B0000006Y0,B000JWE01E,0321021444,0937539589,1556591101,0449910245,B000FLLVC0
0879308060,B00004Z4E3,B0002F5JHM,B0000C2VSC,B0006TN06Q,B000EDJL1W,B00002MDV2
1845960793,B000182BCG,1929133189,B0001YMVTS,B0009VNBT2,1584504293,B000GRXLHG,1576850110,B000003JOL,B000CP88VG,B000BPOR7G
0870697404,0764300156
0553264885,0767012437,B000857OAG,B0007EOXF2,B0000687HK,0553208756,0762103795,1589637852,1855856832,0582438063,0791411435
B0000A0QEB,B00009XQXT,B00009XQY7,B0002JWGEM,B00006M004,B000G6RYNY,B000MALTJ4,B00008JYD9,B00006M9ET,B00006M9F6,B00006M9F8
B0000A0QEJ,B0000A0QEB,B000G6RYNY,B00008JYD9,B00006M9F6,B00006M9F8,B00006M9F4
0449910245,0198149328,0192838881,0767904524,0844615390,B000OH99OC,B000N7JRM2,B000B7PNGS
B0009JN8NI,B000QAVV5C,B000CPMNEY,0572028075,B000H82B8E,B0002KNKOQ,B000086168,B000GBAB8Y,B00068GKCI,0843955767,B00004W5K5
B0002F4Y2S,0486223728,B0001NLS0W,B0001NLS1Q,B0002F5D1O,082580308X,B0006EZEXI,B0002E2BA6,B0002E2BMO,B0002E568K,B0007L6O8E
B00014D7OG,B0006CP7QE
B000EHJF2I,B00014D7OG,0764221566,B00004UAMR,B000HS0HTY,0941092356,B000HF0G2A,091825969X,0764221566,0825455138,068413263X
B000KXNYMS,0300045220
B000P9CMN4,1401600301,B000PX3E0A
0965029824,B000K0DSY0,0553233688,0967155304,1403319421
B0002DHR7Y,B00099YLRU
B0002XJVEG,0809139294,B00004UAMC,B0007YMWCI,B000067J02,0321021444,B0000006Y1,0449910245,B00004UAMC,B0000006Y4,B00004UAM3
B0000ZSKGQ,B000N5LIQW,B00078GL1W,B000FMPFKS,B0000ZSKF2,B000N5IHJI,0252030346,B0002USHM6,B0002USI8O,B0009NYBYE,0252072820
031228117X,1583450351,1555840116
B000NJF81Y,B00006IXHB,0962692611,0079130909,0669199311,B0006CYME2
B0015MO3RI,1583762078,0966106601,B000BVNUK0,B000GF66DO,B0007L7168,B000P7VA20,B00008FU4V,006018664X,B000A1IL9G,0821224697
0813807514,0936399635,0252022327
0345432134,B000H75Q5K,067941472X
0060586885,0373712588,B000NJBD36
B00004UAMR,B00004UAMT,B00004UAMS
B000067J07,B0000DF0OO,B00005YAQ6,B000F39QUM,B000PBY802
B0000006Y5,B000005W5M,B000005W62
B000006X92,B000006TX2
B0000006Y1,B00003XAIS
B000JD2L3M,B00005YOIP,B00086Y1RE,B0007I5IT8,0007136862,0785748644,B00000HXUY,B0007G1H2W
0205168388,0321088220,B0006DIFFI,B000N2HCPG,B000089IY9,B000JMBE7M,0131146246,0534061508,0321338081,B000QFRT0S,0205329462
B0000012DH,B0000012DG,B00009964Y
B004W706G0,B002N7PLUC,B0047UWE2G,B004W7054S,0521794072,B00000256A,B0006GAO40,0060732563,B00000IPD9,0521790867,B000K3SAEU
B000FN434G,B000FMW970
091825969X,0918259894
B000H2M9W8,B000LC2FN2,B0006W3J8W,0972552804,B00000DI0W,B0000A9YB4,B000NX5PJ0,B000003HA6,B000E2D3LC,B0006BRSJO
B0007YMWCI,B0006IUDL2,B000CEA08Q,B00004TGQU,B00069A6EK,B0000TN7ME,B0000DH7OO,B00025L4JO,B00004CIU1,1885778422,B00008YGBB
0006384226,B000FGDFV0,1556522479,155652319X,B0007NOYMU
B000HF0G2A,0786861614
0821755501,0451406982,0802710581,B000GCFXEU,0380973162,0380767600,0312959788
B00018RRRK,B00000452C
B0027DQHAU,B000021YH7,B000001VFM,B000001VK7,B000005GQ3,B000A0GXZQ,B007SCNLCC,B000024OZ2,B0039ZCHNG,B000QCQ722,B001XTLAUQ
B0000061PO,B00000IAD5
B0000012DP,B0008D0SO2,0676601758,B000K0B2A2,B000FV1G2A
B007SUW1XE,B00004UAMR,B0027DQHAU,9992283076,B000HF0G2A,B00004UAMK,0449910245,B0007YMWCI,B00004UAM2,0941092356,B000Q3T78W
193183637X,B000MTEJYM
B000FLLVCU,B0000VM5AM,B000F8R33Y,B00004Z4AJ,B00004Z4AI,B00020I7R6,B0001VVUXO,B003ODIV10,B000GT5ZQY
B00004UAMK,B0000029IR,B000294S16,B000001UMA
9992283076,B0001HDLUI,B00006G9XL,B00005AQ8S,B000O5B0XW,B00005UPP5,B000FMKD8W,B000HEZ2L6
B00004UAMC,0813807514,B0000012D9,B0000006YI,068413263X,B00004UAM2,B000MJKLAI,B000Q3T78W,193183637X,0821755501,B0027DQHAU
B000GLKETK,0312276834,0805421963,088184859X,0747514860
B00005UVWL,B00005MKE6
B00004UAMS,B00000DCN1,B000026GGE,B00004UAMT,B00004UAMR,B00006JKH7,B00003TFWS,B000009QT7,B0000CABK3,B00003ZL29,B00066ISRA
B0000006Y4,B0000DJEQS
B000067J06,B000JOHT7Y,B00070HUCO,B0006C4RNI,0520236572,B0007S9D7G,0060511494,B000HKRSYE,074561566X,B000IAD4O6
B000067J02,B000E28UG0
B0000006Y0,B000002RSA,B0000006W8,B000009LHP,B00005JKCE,0714528854,B00006L3OM,B000006KBA,B00000DNSK,B0000ZU95G,B000A7ZHIS
0631186719,0198207026,B000HX3WO6,B0006AWFLG,B0008BDXNW,B000JJW7ZS,B0008D3BUU,0802046983,041504605X,B0006CU2BY,0812277988
0941092356,B00004ZB49,B000BVL4W6,B00004RA86,B000BVNXHA,B000K6L5LC,B00007KSEP,B000IOEWN4,B0007R4IPE,B000KXK74G,B00080W3JI
B0000012D8,B000008JHB,B000ER528O
0321021444,B000IZ99MM,B0006RQKBU,067339221X
B0001GWB6E,B0000006Y0,B000Q9SXBS,193183637X,B0000A0QE2,B00004UAM2,B00004UAMS,B000EHJF2I,B0000006YT,B000FLLVC0,B0000012DH
B0000012D4,B0000012D3
B000HS0HTY,B000I2KQ9U,B000HXDKA2,B000P3L2TK,B00006345A,B000BQT47S,B00006ANS9,B00004U4N6,B000PWDGM2,B000HS2LBQ,B000IONGX6
B000B9T17S,B000MQOE1I,B0036V8J3A,B002WY65UG,B000002Z56,B0008091CA,B0009WUIGU,B00000EHXS,B0000026UM,1590300904,B0007ZK3B4
0937539589,B00007J5U7
155153777X,B000IZX428,0142004758,B000ELV2MA,B0002KQOSU,B0001YH242,1413435556
B000067J0V,B0000036M0,B000CAA80U
B0000006YT,B0000030FB,B000003DIV,B000PUIW46,B0000ESH0Z,B000000AAV,B0002EXZDI,B000BAVXQO,B000IBVOJW,B00008FZK0
B00004UAM3,B00005OAKP,B00005OAKO,B0000037Q7,B00004W3WI,B00005NGZR
0830715894,089900671X,B0007EV94U,0785275436,B000NLM8X8,B00006B70R,B0006DEN1I,B000BMFH7I,B0002AQH2I,B000ETRENS,B0007F1E8K
B00004UAM7,0871089300,B00004S2QI
4770024983,0805463496,B000GV9356,0880701056,B0007J3W0O
