068413263X,086417795X,B0006PE81Q,068412503X,0942018206,B0000TYHMI,0486433005,B00088Q1OI,1883010330,B000K43P4Y,188301042X
B0000A0QE6,B00006M9EZ,B00006M9ET,B00006M9F2,B00006M9F0,B00006M9F6,B00006M9F8,B00006M9F4,B000E5Z00G
B0000A0QE2,B000264JZ4,B00008JYDD,B00008JYD9,B00006M9F8
B0001WPQ6U,193183637X,B00004UAMR,B000H2M9W8,B0002DHR7Y,B000H2M9W8,B0000006Y4,B0000012DH,0963022210,4770024983,B0000ZSKGQ
B0000012D9,B000GLUBFC,B0000012D8,B000MKD4FQ,B000OWG96I,B00066CR5Y,B000000UOT,B000HFUX4G,B000008JHB,B000278S2S,B000NLMB1C
1592851827,B000FK9SEO,B000KKW530,B0002Y4TJM,B0001VKB52,0071430113,B000003JLG,B000003JLH,B000003JLN,B000003JLM,B000BGSZ96
B000Q9SXBS,B000298U7Y
B000MJKLAI,B000MJKL9E,B000MJKLBM,B000MJHFWA,B0000C88FG,B000MJMNZO,B000MJMO0S,B000GKXUBA,B000MJJIYI,B00004TTDI,B0009TS0WC
0825455138,0819845140
B000FNYKGW,B000OV9S0S
0963022210,B0000002LK,188506134X,158355047X
0867163119,B0000006Y5,0821755501,B000KXNYMS,B001R6EXIG,B00004UAM7,B000Q9SXBS,B0000006Y5,B0000006YY,B0000A0QE2,B0001WPQ6U
B001R6EXIG,6304804113
B00004UAM2,B0000046QW,B00004NHE9,B000000IVT,B000056OF0,B000A2POM2,B00004VW3S,B000QE4BP0,B00004YNDT,B00000ELDB,6303354483
B000067J0S,B0009MD4F2,B0000YQHVC,B000N374W6,B000ITKY40,B00005NCZ9,B0021Y6QP6,B000HD1N38
B0000006YY,B000NUV7FY,187828228X,B000CR1FH8,1573540595
1556591101,B000NVOJ8K,0380007959,B000R4GWII,1556590482,1556591098,B000H5K69S,B000OV51L8,B000MUQ840,0833530798,0385295243
B000JWE01E,B000HTVA5S
B0000006YI,0766164985,B000E44SC8,B00005AUKZ
0764221566,0880707690,0613813138,B000BJNUCA,0786120886,B00000K2X6,0836190955
B000FLLVC0,B000JMKOLE
B000FKPDZ2,B000057TM0,B009B6XEHK,5554465544
B0000006YM,B00005YSXQ,B0002RUAEW,B000005W2F,B000005W5M,B000005W62
0809139294,B000FI4O90,0898701775,0567083543,B000856UNI,B000O2ANJC
B000Q3T78W,0814405703,B00028PEYW,B000GR7SXE,B00028PF50,0471598364,0446513075,B000JLO8EE,B000HY5GIA,B00014G6YE,B000FTGIQQ
B000067J0G,B0000203YN,B00005090B
B000067J0C,B000000MLH,B00008W2UA,B00004VJFZ
0807408158,B000FLLVC0,B00018RRRK,B00004UAMK,B000067J07,B0000006Y5,0879308060,0965029824,9992283076,B00004UAMS,B00005UVWL
0879308060,0634060465,B0000C2VSC,B0006TN06Q,B000EDJL1W,B00002MDV2,063404480X
1845960793,0029197619,B000CP88VG,B0007V6IVW,B0007V6IVM,B000MLGGWI,B000BPOR7G,B000JKJSDQ
0870697404,0764300156
0553264885,0767012437,B000857OAG,B0007EOXF2,B0006XPM18,0553208756,0762103795,1589637852,076701118X,0582438063,0791411435
B0000A0QEB,B0002JWGEM,B00006M004,B000MALTJ4,B000089N7D,B00008JYD9,B00006M9ET,B00006M9F6,B00006M9F8
B0000A0QEJ,B000003TK9,B000G6RYNY,B00008JYD9,B00006M9F6,B00006M9F8,B00006M9F4
0449910245,B000GUR5ZW,0198149328,0192838881,0767904524,0844615390,B000OH99OC,B000N7JRM2,B000B7PNGS
B0009JN8NI,B000CPMNEY,0572028075,B000H82B8E,B0002KNKOQ,B000086168,B000GBAB8Y,B0007VM8UC,B00068GKCI,0843955767,B00004W5K5
B0002F4Y2S,0486223728,B0001NLS0W,B0001NLS1Q,B0002F5D1O,082580308X,B0006EZEXI,B0002E2BA6,B0002E2BMO,B0002E568K,B0007L6O8E
B00014D7OG,B00086O7XM
B000EHJF2I,0830715894,091825969X,B0001GWB6E,0830715894,B001R6EXIG,B00004UAM7,B00004UAMR,B000FKPDZ2,4770024983,B00004UAM2
B000KXNYMS,0300045220
B000P9CMN4,B000PX3E0A
0965029824,B000K0DSY0,0553233688,0967155304,1403319421
B0002DHR7Y,B00024BJZE,B00099YLRU
B0002XJVEG,B0000A0QE2,B000FKPDZ2,0345432134,193183637X,B0002F4Y2S,B0000006YT,B000067J0V,B000FNYKGW,B0000012D9,B0000A0QE6
B0000ZSKGQ,B000N5LIQW,B00078GL1W,B000FMPFKS,B0000ZSKF2,B000N5IHJI,0252030346,B0002USHM6,B0002USIRK,B0009NYBYE,0252072820
031228117X,B000PTABDW
B000NJF81Y,B00094EW8S,B00006IXHB,0962692611,0079130909,0669199311,B0006CYME2
B0015MO3RI,1583762078,0966106601,B000BVNUK0,B000GF66DO,B0007L7168,B000P7VA20,B00008FU4V,006018664X,B000A1IL9G,0821224697
0813807514,B000HAAC9M,0936399635,0252022327
0345432134,B00000DP5C,B000H75Q5K
0060586885,0373712588,B000NJBD36
B00004UAMR,B00000DCN1,B000008O4K,B000026GGE,B00004UAMT,B00004UAMS,B00003TFWS,B000009QT7,B000006OLZ,B00005LNDR,B00066ISRA
B000067J07,B0000DF0OO,B00007JZYW,B0001XAQ00,B000PBY802,B000066750
B0000006Y5,B000005W5M,B000005W62
B000006X92,B000CS3R1O
B0000006Y1,B0007XHL4S
B000JD2L3M,B00005YOIP,B00086Y1RE,B0007I5IT8,0007136862,0785748644,B000HUCFKG,B0007JKVBM,B00000HXUY,B0007G1H2W
0205168388,0321088220,B0006DIFFI,B000N2HCPG,B000089IY9,B000JMBE7M,0131146246,0534061508,0321338081,B0001LVX4K,0205329462
B0000012DH,B0000012DG,B00009964Y
B004W706G0,B002N7PLUC,B0047UWE2G,B004W7054S,0521794072,B00000256A,B0006GAO40,0060732563,B00000IPD9,0521790867,B000K3SAEU
B000FN434G,B000FN8BCQ,B000FN8BMG,B000FN8BPI,B000FN67PY,B000FN8CAW,B000FN682G,B000FN684O,B000FN68BC,B000FN68T4,B000FMW970
091825969X,0918259894
B000H2M9W8,B000LC2FN2,B0006W3J8W,0972552804,B00000DI0W,B0000A9YB4,B000NX5PJ0,B000003HA6,B000E2D3LC,B0006BRSJO
B0007YMWCI,B0006IUDL2,B000CEA08Q,B00004TGQU,B00069A6EK,B0000TN7ME,B0000DH7OO,B00025L4JO,B00004CIU1,1885778422,B00008YGBB
0006384226,B000FGDFV0,1556522479,155652319X,B0007NOYMU
B000HF0G2A,044050788X,0609803719,B000HF2A1K,0060969911,0486242137,B000N8QWS8,1580175422,1570763410,B000HEOHZS,0786861614
0821755501,B000GCFXEU,0380973162
B00018RRRK,B000EGETGG,B000FZDN8G,B00000452C,B003JMFB8M,B003VL3UPW
B0027DQHAU,B000PY303K,B003X85984,B000FGGK9E,B000FGGK9Y,B0001Z4P6Y
B0000061PO,B00003Q4OH,B00003G9Y9,B00000IAD5
B0000012DP,B0008D0SO2,B00008FUZ6,B0000563VX,B000K0B2A2,B000KG4BOK
B007SUW1XE,B000FLLVCU,0807408158,B001R6EXIG,B004W706G0,B0002XJVEG,0205168388,0764221566,B0000006YT,B0000012DH,B0000ZSKGQ
193183637X,1932111883
B000FLLVCU,B0000VM5AM,B000F8R33Y,B00004Z4AJ,B00004Z4AI,B00020I7R6,B0001VVUXO,B003ODIV10,B000GT5ZQY
B00004UAMK,B000294S16,B000001UMA,B000000FTN
9992283076,B0000649LI,B000O5B0XW,B000I3QGAM,4789005437,B000HEZ2L6
B00004UAMC,B000Q9SXBS,B0015MO3RI,B00004UAMS,B0027DQHAU,1845960793,B0000012DP,B000MJKLAI,B000067J0S,B0000ZSKGQ,B004W706G0
B000GLKETK,0805421963,0736661042,B00005AAPO
B00005UVWL,B0000516ZR
B00004UAMS,B00004UAMT,B00004UAMR
B0000006Y4,B000005YQ9,B000007TI3,B0001LYETQ,B000008T0I,B0001CCX66,B0000030JY,B000069HKO,B00000JINX,B0002T7Z02,B0000DJEQS
B000067J06,B0006C4RNI,B00005JM05,B0007S9D7G,0060511494,B000HKRSYE,B0030AM4TC,5552188349,B0009W5JAA,B0000YHJB4,B0000YHJKK
B000067J02,B000E28UG0
B0000006Y0,B000B75F5C
0631186719,0198207026,B000HX3WO6,B0006AWFLG,B0006FCR6Y,B0008BDXNW,B0008D3BUU,041504605X,B0006CU2BY,0140143955,B00086J8ZO
0941092356,B00004ZB49,B000BVL4W6,B00004RA86,B000BVNXHA,B000K6L5LC,B000IOEWN4,B0007R4IPE,B000KXK74G,B00080W3JI,0743527887
B0000012D8,B000GLUBFC,B0000012D9,B000MKD4FQ,B000OWG96I,B00066CR5Y,B000000UOT,B000HFUX4G,B000008JHB,B000278S2S,B000NLMB1C
0321021444,067339221X
B0001GWB6E,B000067J0G,B000NJF81Y,B0000006YY,B000KXNYMS,B0000061PO,B0000012D8,0809139294,B0009JN8NI,B00004UAM7,193183637X
B0000012D4,B0000012D3
B000HS0HTY,B000I2KQ9U,B000HXDKA2,B000P3L2TK,B00006345A,B000BQT47S,B00006ANS9,B00004U4N6,B000PWDGM2,B000HS2LBQ,B000IONGX6
B000B9T17S,B000MQOE1I,B0036V8J3A,B000002Z56,B0008091CA,B0009WUIGU,B00000EHXS,B0000026UM,1590300904,B0007ZK3B4,B0036V76DY
0937539589,B00007J5U7
155153777X,B000IZX428,0142004758,B000ELV2MA,B0002KQOSU,B0001YH242,1413435556
B000067J0V,B00013F39O,B00004VYCT
B0000006YT,B00008FZK0
B00004UAM3,B00005OAKP,B00005OAKO,B0000037Q7,B000063UL6,B00005NGZR
0830715894,089900671X,B0007EV94U,0785275436,B000NLM8X8,B00006B70R,B0006DEN1I,B000BMFH7I,B0002AQH2I,B000ETRENS,B0007F1E8K
B00004UAM7,B000002OHQ,B00006HM9Y,B000005EJ8
4770024983,0805463496,B000GV9356,0880701056,B0007J3W0O
