:VL-1069566{n=319323 c=[aa:0.001, aaa:0.000, aaaa:0.000, aaaaa:0.000, aaaaaa:0.000, aaaaaaaa:0.000, a
	Top Terms: 
		item                                    =>0.031184269887025867
		go                                      =>0.016515587793634472
		days                                    =>0.014915028396932688
		received                                =>0.014620658068937286
		return                                  =>0.014432569552126314
		ordered                                 =>0.014318438247843429
		amazon                                  =>0.013822696859279423
		wrong                                   => 0.01272632965847542
		few                                     =>0.011679837878840757
		lot                                     =>0.009757865914526669
:VL-1617829{n=335615 c=[aa:0.000, aaa:0.000, aaaa:0.000, aaaaa:0.000, aaaaaaa:0.000, aaaaaah:0.000, a
	Top Terms: 
		pair                                    => 0.05746612149359333
		wear                                    => 0.05168228596286535
		feet                                    => 0.03512097854531593
		shoe                                    =>  0.0310495747445058
		look                                    =>0.026456964738751615
		boots                                   => 0.02523647752291642
		purchased                               =>0.016619127121782474
		wearing                                 => 0.01617784166394633
		worn                                    =>0.016031861137368923
		purchase                                =>0.014886010184512476
:VL-1243087{n=230831 c=[aa:0.000, aaa:0.000, aaaa:0.000, aaaaa:0.000, aaaaaa:0.000, aaaaaaaa:0.000, a
	Top Terms: 
		nice                                    => 0.04226967816771361
		shoe                                    =>  0.0365146024817267
		soft                                    => 0.02166167555579745
		hard                                    => 0.02006335622007979
		many                                    =>0.019400746399241005
		buying                                  =>0.018563480354308735
		bit                                     =>0.017954536530801382
		problems                                => 0.01563611395978386
		make                                    => 0.01436932990923446
		didn                                    =>0.013781574245851247
:VL-255131{n=243406 c=[aa:0.000, aaa:0.000, aaaa:0.000, aaaaa:0.000, aaaaaa:0.000, aaaaaaa:0.000, aaa
	Top Terms: 
		hair                                    =>0.053793724090957375
		arrived                                 =>0.039210943690067945
		pleased                                 => 0.02681857069624469
		her                                     => 0.02670843860892907
		quickly                                 =>0.025783734420036026
		quality                                 =>0.025457441437529288
		thanks                                  => 0.02327728451216288
		exactly                                 =>0.016940098014472407
		fast                                    =>0.015639891770521785
		described                               => 0.01535820393808138
:VL-1176214{n=211411 c=[aa:0.000, aaa:0.000, aaaa:0.000, aaaaa:0.000, aaaaaa:0.000, aaaaaaaaaaa:0.000
	Top Terms: 
		excellent                               => 0.03328020991393603
		clean                                   => 0.02844770427030127
		every                                   => 0.02155430895991807
		brush                                   => 0.01865904222552282
		without                                 => 0.01710546003337287
		night                                   =>0.016233835357985213
		feel                                    =>0.013787006338637825
		teeth                                   =>0.012959842832853247
		around                                  =>0.011699171873292972
		month                                   =>0.010766743399322038
:VL-601185{n=230143 c=[aa:0.000, aaa:0.000, aaaa:0.000, aaaaa:0.000, aaaaaa:0.000, aaaaaaaaaaaaaaaa:0
	Top Terms: 
		products                                => 0.02246698082669605
		best                                    =>0.020346271689937103
		taste                                   =>0.019774041757571872
		low                                     =>0.015627334556625173
		find                                    =>0.014915445656291432
		tried                                   =>  0.0141797842933845
		skin                                    =>   0.013990308241201
		far                                     =>0.012978804315440063
		protein                                 => 0.01209122587465567
		different                               => 0.01135239971923563
:VL-361977{n=257608 c=[aa:0.000, aaa:0.000, aaaa:0.000, aaaaa:0.000, aaaaaa:0.000, aaaaaaaa:0.000, aa
	Top Terms: 
		old                                     =>0.025394635922198882
		smell                                   => 0.02221047742401462
		dog                                     => 0.01946666898629104
		again                                   => 0.01767065659137287
		looks                                   =>0.017436797939674373
		away                                    =>0.017313209056739318
		toy                                     => 0.01685630594163193
		cats                                    =>0.016055951793757302
		year                                    =>0.014220300622869848
		her                                     =>0.013922391137890514
:VL-730600{n=152466 c=[aa:0.000, aaa:0.000, aaaa:0.000, aaaaa:0.000, aaaaaaah:0.000, aaaaaand:0.000, 
	Top Terms: 
		money                                   => 0.05921406430057643
		bottle                                  =>0.051838625468286756
		water                                   => 0.04983141974604999
		waste                                   =>  0.0310249698551135
		cheaper                                 =>0.018265668234046527
		worth                                   => 0.01789022767750152
		bottles                                 =>0.017342654182628744
		save                                    =>0.009333649504123614
		baby                                    =>0.009065902280803907
		tried                                   =>0.008999809974477786
:VL-610321{n=187724 c=[aa:0.000, aaa:0.000, aaaa:0.000, aaaaa:0.000, aaaaaa:0.000, aaaah:0.000, aaah:
	Top Terms: 
		son                                     => 0.05646736455754843
		his                                     =>0.053339978940329665
		him                                     => 0.03414833914666644
		loves                                   =>0.032712133517020216
		old                                     => 0.02814674926934639
		game                                    =>0.023121347226761572
		fun                                     => 0.02249690435789398
		year                                    =>0.020660274589004535
		husband                                 =>0.016285595187615597
		kids                                    =>0.014714211671053133
:VL-663327{n=443211 c=[aa:0.001, aaa:0.000, aaaa:0.000, aaaaa:0.000, aaaaaaa:0.000, aaaaaaaaaaaaaaaaa
	Top Terms: 
		how                                     => 0.01505626589698342
		seat                                    =>0.014076724292468795
		way                                     =>0.014002392868466928
		quality                                 =>0.013928597850700025
		new                                     => 0.01357082758585606
		thing                                   => 0.01318283370803411
		right                                   =>0.012913343270036147
		down                                    =>0.012637593674050715
		cover                                   => 0.01207856656677329
		car                                     =>0.012075520166215157
